LOG: 2018/11/02 10:23:20 Logger.go:51: There is the log message
LOG: 2018/11/02 10:25:32 Logger.go:51: There is the log message
LOG: 2018/11/02 10:26:34 Logger.go:51: There is the log message
LOG: 2018/11/02 10:26:46 Logger.go:51: There is the log message
LOG: 2018/11/02 10:27:34 Logger.go:51: There is the log message
LOG: 2018/11/02 11:01:38 Logger.go:51: There is the log message
LOG: 2018/11/02 11:03:35 Logger.go:51: There is the log message
LOG: 2018/11/02 11:06:08 Logger.go:51: There is the log message
LOG: 2018/11/02 11:06:08 service.go:48: Create user: zzt success! 
LOG: 2018/11/02 11:06:28 Logger.go:51: There is the log message
LOG: 2018/11/02 11:06:51 Logger.go:51: There is the log message
LOG: 2018/11/02 11:11:07 Logger.go:51: There is the log message
LOG: 2018/11/02 11:11:13 Logger.go:51: There is the log message
LOG: 2018/11/02 11:11:13 service.go:49: Create user: zzt success! 
LOG: 2018/11/02 11:13:21 Logger.go:51: There is the log message
LOG: 2018/11/02 11:13:21 service.go:49: Create user: zzt success! 
LOG: 2018/11/02 11:13:54 Logger.go:51: There is the log message
LOG: 2018/11/02 11:13:54 service.go:49: Create user: zzt success! 
LOG: 2018/11/02 14:38:20 Logger.go:51: There is the log message
LOG: 2018/11/02 14:38:20 service.go:49: Create user: zzt success! 
LOG: 2018/11/02 14:39:00 Logger.go:51: There is the log message
LOG: 2018/11/02 14:39:57 Logger.go:51: There is the log message
LOG: 2018/11/02 14:39:57 service.go:49: Create user: zzt success! 
LOG: 2018/11/02 14:40:24 Logger.go:51: There is the log message
LOG: 2018/11/02 14:40:24 service.go:49: Create user: zzt success! 
LOG: 2018/11/02 14:44:35 Logger.go:51: There is the log message
LOG: 2018/11/02 14:44:35 service.go:49: Create user: zzt success! 
LOG: 2018/11/02 14:47:12 Logger.go:51: There is the log message
LOG: 2018/11/02 14:47:12 service.go:49: Create user: zzt success! 
LOG: 2018/11/02 14:47:35 Logger.go:51: There is the log message
LOG: 2018/11/02 14:47:35 service.go:49: Create user: zzt success! 
LOG: 2018/11/02 14:47:51 Logger.go:51: There is the log message
LOG: 2018/11/02 14:47:51 service.go:49: Create user: zzt success! 
LOG: 2018/11/02 14:49:22 Logger.go:51: There is the log message
LOG: 2018/11/02 14:49:22 service.go:49: Create user: zzt success! 
LOG: 2018/11/02 14:53:12 Logger.go:51: There is the log message
LOG: 2018/11/02 14:53:12 service.go:49: Create user: zzt success! 
LOG: 2018/11/02 14:55:31 Logger.go:51: There is the log message
LOG: 2018/11/02 14:55:31 service.go:49: Create user: zzt success! 
LOG: 2018/11/02 14:55:55 Logger.go:51: There is the log message
LOG: 2018/11/02 14:55:55 service.go:49: Create user: zzt success! 
LOG: 2018/11/02 15:00:53 Logger.go:51: There is the log message
LOG: 2018/11/02 15:00:53 service.go:49: Create user: zzt success! 
LOG: 2018/11/02 15:04:05 Logger.go:51: There is the log message
LOG: 2018/11/02 15:04:05 service.go:62: User: zzt login success!
LOG: 2018/11/02 15:04:14 Logger.go:51: There is the log message
LOG: 2018/11/02 20:12:02 Logger.go:51: There is the log message
LOG: 2018/11/02 20:13:03 Logger.go:51: There is the log message
LOG: 2018/11/02 20:13:03 service.go:62: User: zzt login success!
LOG: 2018/11/02 20:17:13 Logger.go:51: There is the log message
LOG: 2018/11/02 20:17:13 service.go:62: User: zzt login success!
LOG: 2018/11/02 20:17:29 Logger.go:51: There is the log message
LOG: 2018/11/02 20:18:04 Logger.go:51: There is the log message
LOG: 2018/11/02 20:18:06 Logger.go:51: There is the log message
LOG: 2018/11/02 20:18:06 service.go:62: User: zzt login success!
LOG: 2018/11/02 20:18:17 Logger.go:51: There is the log message
LOG: 2018/11/02 20:27:35 Logger.go:51: There is the log message
LOG: 2018/11/02 20:27:35 service.go:62: User: zzt login success!
LOG: 2018/11/02 20:27:43 Logger.go:51: There is the log message
LOG: 2018/11/02 20:27:43 service.go:93: zzt
print all users
LOG: 2018/11/02 20:27:43 service.go:93: zzt
print all users
LOG: 2018/11/02 20:27:43 service.go:93: zzt
print all users
LOG: 2018/11/02 20:27:43 service.go:93: zzt
print all users
LOG: 2018/11/02 20:27:43 service.go:93: zzt
print all users
LOG: 2018/11/02 20:27:43 service.go:93: zzt
print all users
LOG: 2018/11/02 20:27:43 service.go:93: zzt
print all users
LOG: 2018/11/02 20:27:43 service.go:93: zzt
print all users
LOG: 2018/11/02 20:27:43 service.go:93: zzt
print all users
LOG: 2018/11/02 20:27:43 service.go:93: zzt
print all users
LOG: 2018/11/02 20:27:43 service.go:93: zzt
print all users
LOG: 2018/11/02 20:27:43 service.go:93: zzt
print all users
LOG: 2018/11/02 20:27:43 service.go:93: zzt
print all users
LOG: 2018/11/02 20:27:43 service.go:93: zzt
print all users
LOG: 2018/11/02 20:27:43 service.go:93: zzt
print all users
LOG: 2018/11/02 20:27:43 service.go:93: zzt
print all users
LOG: 2018/11/02 20:27:43 service.go:93: zzt
print all users
LOG: 2018/11/02 20:44:46 Logger.go:51: There is the log message
LOG: 2018/11/02 20:44:46 service.go:98: zzt
print all users
LOG: 2018/11/02 20:44:46 service.go:98: zzt
print all users
LOG: 2018/11/02 20:44:46 service.go:98: zzt
print all users
LOG: 2018/11/02 20:44:46 service.go:98: zzt
print all users
LOG: 2018/11/02 20:44:46 service.go:98: zzt
print all users
LOG: 2018/11/02 20:44:46 service.go:98: zzt
print all users
LOG: 2018/11/02 20:44:46 service.go:98: zzt
print all users
LOG: 2018/11/02 20:44:46 service.go:98: zzt
print all users
LOG: 2018/11/02 20:44:46 service.go:98: zzt
print all users
LOG: 2018/11/02 20:44:46 service.go:98: zzt
print all users
LOG: 2018/11/02 20:44:46 service.go:98: zzt
print all users
LOG: 2018/11/02 20:44:46 service.go:98: zzt
print all users
LOG: 2018/11/02 20:44:46 service.go:98: zzt
print all users
LOG: 2018/11/02 20:44:46 service.go:98: zzt
print all users
LOG: 2018/11/02 20:44:46 service.go:98: zzt
print all users
LOG: 2018/11/02 20:44:46 service.go:98: zzt
print all users
LOG: 2018/11/02 20:44:46 service.go:98: zzt
print all users
LOG: 2018/11/02 20:44:52 Logger.go:51: There is the log message
LOG: 2018/11/02 20:45:24 Logger.go:51: There is the log message
LOG: 2018/11/02 20:45:24 service.go:55: try to log in repeatedly
LOG: 2018/11/02 20:45:36 Logger.go:51: There is the log message
LOG: 2018/11/02 20:45:36 service.go:86: User: zzt
 log out seccess!
LOG: 2018/11/02 20:45:50 Logger.go:51: There is the log message
LOG: 2018/11/02 20:47:20 Logger.go:51: There is the log message
LOG: 2018/11/02 20:50:45 Logger.go:51: There is the log message
LOG: 2018/11/02 20:50:45 service.go:55: try to log in repeatedly
LOG: 2018/11/02 20:51:07 Logger.go:51: There is the log message
LOG: 2018/11/02 20:51:30 Logger.go:51: There is the log message
LOG: 2018/11/02 20:51:30 service.go:55: try to log in repeatedly
LOG: 2018/11/02 20:51:34 Logger.go:51: There is the log message
LOG: 2018/11/02 20:51:34 service.go:86: User: zzt
 log out seccess!
LOG: 2018/11/02 20:51:38 Logger.go:51: There is the log message
LOG: 2018/11/02 20:51:38 service.go:55: try to log in repeatedly
LOG: 2018/11/02 20:51:54 Logger.go:51: There is the log message
LOG: 2018/11/02 20:51:54 service.go:86: User: 
 log out seccess!
LOG: 2018/11/02 20:51:57 Logger.go:51: There is the log message
LOG: 2018/11/02 20:51:57 service.go:55: try to log in repeatedly
LOG: 2018/11/02 20:52:05 Logger.go:51: There is the log message
LOG: 2018/11/02 20:52:05 service.go:86: User: 
 log out seccess!
LOG: 2018/11/02 20:52:08 Logger.go:51: There is the log message
LOG: 2018/11/02 20:52:08 service.go:55: try to log in repeatedly
LOG: 2018/11/02 20:53:28 Logger.go:51: There is the log message
LOG: 2018/11/02 20:53:28 service.go:55: try to log in repeatedly
LOG: 2018/11/02 20:53:30 Logger.go:51: There is the log message
LOG: 2018/11/02 20:53:30 service.go:86: User: 
 log out seccess!
LOG: 2018/11/02 20:53:34 Logger.go:51: There is the log message
LOG: 2018/11/02 20:54:54 Logger.go:51: There is the log message
LOG: 2018/11/02 20:54:57 Logger.go:51: There is the log message
LOG: 2018/11/02 20:55:43 Logger.go:51: There is the log message
LOG: 2018/11/02 20:55:43 service.go:56: try to log in repeatedly
LOG: 2018/11/02 20:55:47 Logger.go:51: There is the log message
LOG: 2018/11/02 20:55:47 service.go:87: User: 
 log out seccess!
LOG: 2018/11/02 20:55:53 Logger.go:51: There is the log message
LOG: 2018/11/02 20:55:53 service.go:56: try to log in repeatedly
LOG: 2018/11/02 20:57:08 Logger.go:51: There is the log message
LOG: 2018/11/02 20:57:08 service.go:56: try to log in repeatedly
LOG: 2018/11/02 20:57:11 Logger.go:51: There is the log message
LOG: 2018/11/02 20:57:11 service.go:87: User: 
 log out seccess!
LOG: 2018/11/02 20:57:16 Logger.go:51: There is the log message
LOG: 2018/11/02 20:57:16 service.go:87: User: 1
 log out seccess!
LOG: 2018/11/02 20:57:23 Logger.go:51: There is the log message
LOG: 2018/11/02 20:57:23 service.go:56: try to log in repeatedly
LOG: 2018/11/02 20:57:28 Logger.go:51: There is the log message
LOG: 2018/11/02 20:57:28 service.go:87: User: 1
 log out seccess!
LOG: 2018/11/03 18:53:55 Logger.go:51: There is the log message
LOG: 2018/11/03 18:53:55 service.go:56: try to log in repeatedly
LOG: 2018/11/03 18:55:20 Logger.go:51: There is the log message
LOG: 2018/11/03 18:58:42 Logger.go:51: There is the log message
LOG: 2018/11/03 18:58:42 service.go:68: User: zzt login success!
LOG: 2018/11/03 19:00:23 Logger.go:51: There is the log message
LOG: 2018/11/03 19:00:23 service.go:56: try to log in repeatedly
LOG: 2018/11/03 19:01:30 Logger.go:51: There is the log message
LOG: 2018/11/03 19:01:30 service.go:56: try to log in repeatedly
LOG: 2018/11/03 19:01:50 Logger.go:51: There is the log message
LOG: 2018/11/03 19:01:50 service.go:56: try to log in repeatedly
LOG: 2018/11/03 19:02:30 Logger.go:51: There is the log message
LOG: 2018/11/03 19:02:30 service.go:68: User: zzt login success!
LOG: 2018/11/03 19:02:56 Logger.go:51: There is the log message
LOG: 2018/11/03 19:02:56 service.go:56: try to log in repeatedly
LOG: 2018/11/03 19:03:23 Logger.go:51: There is the log message
LOG: 2018/11/03 19:03:23 service.go:68: User: zzt login success!
LOG: 2018/11/03 19:03:45 Logger.go:51: There is the log message
LOG: 2018/11/03 19:03:45 service.go:68: User: zzt login success!
LOG: 2018/11/03 19:04:01 Logger.go:51: There is the log message
LOG: 2018/11/03 19:04:01 service.go:68: User: zzt login success!
LOG: 2018/11/03 19:04:09 Logger.go:51: There is the log message
LOG: 2018/11/03 19:04:09 service.go:68: User: zzt login success!
LOG: 2018/11/03 19:04:19 Logger.go:51: There is the log message
LOG: 2018/11/03 19:04:19 service.go:68: User: zzt login success!
LOG: 2018/11/03 19:04:43 Logger.go:51: There is the log message
LOG: 2018/11/03 19:04:43 service.go:68: User: zzt login success!
LOG: 2018/11/03 19:04:58 Logger.go:51: There is the log message
LOG: 2018/11/03 19:04:58 service.go:68: User: zzt login success!
LOG: 2018/11/03 19:05:14 Logger.go:51: There is the log message
LOG: 2018/11/03 19:05:14 service.go:68: User: zzt login success!
LOG: 2018/11/03 19:05:34 Logger.go:51: There is the log message
LOG: 2018/11/03 19:05:34 service.go:68: User: zzt login success!
LOG: 2018/11/03 19:09:01 Logger.go:51: There is the log message
LOG: 2018/11/03 19:09:01 service.go:68: User: zzt login success!
LOG: 2018/11/03 19:09:13 Logger.go:51: There is the log message
LOG: 2018/11/03 19:09:13 service.go:56: try to log in repeatedly
LOG: 2018/11/03 19:09:24 Logger.go:51: There is the log message
LOG: 2018/11/03 19:09:24 service.go:56: try to log in repeatedly
LOG: 2018/11/03 19:09:58 Logger.go:51: There is the log message
LOG: 2018/11/03 19:09:58 service.go:56: try to log in repeatedly
LOG: 2018/11/03 19:10:04 Logger.go:51: There is the log message
LOG: 2018/11/03 19:10:04 service.go:87: User: zzt
 log out seccess!
LOG: 2018/11/03 19:10:29 Logger.go:51: There is the log message
LOG: 2018/11/03 19:10:37 Logger.go:51: There is the log message
LOG: 2018/11/03 19:10:43 Logger.go:51: There is the log message
LOG: 2018/11/03 19:10:43 service.go:68: User: frc login success!
LOG: 2018/11/03 19:10:51 Logger.go:51: There is the log message
LOG: 2018/11/03 19:10:51 service.go:56: try to log in repeatedly
LOG: 2018/11/03 19:11:00 Logger.go:51: There is the log message
LOG: 2018/11/03 19:11:00 service.go:87: User: frc
 log out seccess!
LOG: 2018/11/03 19:11:11 Logger.go:51: There is the log message
LOG: 2018/11/03 19:11:11 service.go:56: try to log in repeatedly
LOG: 2018/11/03 19:12:52 Logger.go:51: There is the log message
LOG: 2018/11/03 19:12:59 Logger.go:51: There is the log message
LOG: 2018/11/03 19:12:59 service.go:68: User: zzt login success!
LOG: 2018/11/03 19:13:02 Logger.go:51: There is the log message
LOG: 2018/11/03 19:13:02 service.go:56: try to log in repeatedly
LOG: 2018/11/03 19:13:09 Logger.go:51: There is the log message
LOG: 2018/11/03 19:13:09 service.go:87: User: zzt
 log out seccess!
LOG: 2018/11/03 19:13:15 Logger.go:51: There is the log message
LOG: 2018/11/03 19:13:21 Logger.go:51: There is the log message
LOG: 2018/11/03 19:13:21 service.go:68: User: frc login success!
LOG: 2018/11/03 19:13:25 Logger.go:51: There is the log message
LOG: 2018/11/03 19:13:25 service.go:56: try to log in repeatedly
LOG: 2018/11/03 19:14:23 Logger.go:51: There is the log message
LOG: 2018/11/03 19:14:23 service.go:56: try to log in repeatedly
LOG: 2018/11/03 19:14:51 Logger.go:51: There is the log message
LOG: 2018/11/03 19:14:51 service.go:99: frc
print all users
LOG: 2018/11/03 19:14:51 service.go:99: frc
print all users
LOG: 2018/11/03 19:17:43 Logger.go:51: There is the log message
LOG: 2018/11/03 19:17:43 service.go:99: frc
print all users
LOG: 2018/11/03 19:17:43 service.go:99: frc
print all users
LOG: 2018/11/03 19:18:28 Logger.go:51: There is the log message
LOG: 2018/11/03 19:18:28 service.go:99: frc
print all users
LOG: 2018/11/03 19:18:28 service.go:99: frc
print all users
LOG: 2018/11/03 19:18:28 service.go:99: frc
print all users
LOG: 2018/11/03 19:19:05 Logger.go:51: There is the log message
LOG: 2018/11/03 19:19:05 service.go:99: frc
print all users
LOG: 2018/11/03 19:19:05 service.go:99: frc
print all users
LOG: 2018/11/03 19:19:05 service.go:99: frc
print all users
LOG: 2018/11/03 19:20:19 Logger.go:51: There is the log message
LOG: 2018/11/03 19:20:31 Logger.go:51: There is the log message
LOG: 2018/11/03 19:20:31 service.go:199: creating meetingm1successfully!
LOG: 2018/11/03 19:21:54 Logger.go:51: There is the log message
LOG: 2018/11/03 19:22:48 Logger.go:51: There is the log message
LOG: 2018/11/03 19:24:39 Logger.go:51: There is the log message
LOG: 2018/11/03 19:24:53 Logger.go:51: There is the log message
LOG: 2018/11/03 19:24:53 service.go:68: User: zzt login success!
LOG: 2018/11/03 19:25:06 Logger.go:51: There is the log message
LOG: 2018/11/03 19:25:06 service.go:68: User: zzt login success!
LOG: 2018/11/03 19:26:01 Logger.go:51: There is the log message
LOG: 2018/11/03 19:26:01 service.go:68: User: zzt login success!
LOG: 2018/11/03 19:26:02 Logger.go:51: There is the log message
LOG: 2018/11/03 19:26:02 service.go:68: User: zzt login success!
LOG: 2018/11/03 19:26:58 Logger.go:51: There is the log message
LOG: 2018/11/03 19:26:58 service.go:68: User: zzt login success!
LOG: 2018/11/03 19:27:08 Logger.go:51: There is the log message
LOG: 2018/11/03 19:27:08 service.go:68: User: zzt login success!
LOG: 2018/11/03 19:27:41 Logger.go:51: There is the log message
LOG: 2018/11/03 19:27:41 service.go:68: User: zzt login success!
LOG: 2018/11/03 19:31:31 Logger.go:51: There is the log message
LOG: 2018/11/03 19:31:31 service.go:56: try to log in repeatedly
LOG: 2018/11/03 19:31:47 Logger.go:51: There is the log message
LOG: 2018/11/03 19:31:47 service.go:68: User: zzt login success!
LOG: 2018/11/03 19:31:54 Logger.go:51: There is the log message
LOG: 2018/11/03 19:31:54 service.go:56: try to log in repeatedly
LOG: 2018/11/03 19:32:05 Logger.go:51: There is the log message
LOG: 2018/11/03 19:32:05 service.go:87: User: zzt log out seccess!
LOG: 2018/11/03 19:32:11 Logger.go:51: There is the log message
LOG: 2018/11/03 19:32:20 Logger.go:51: There is the log message
LOG: 2018/11/03 19:32:20 service.go:68: User: frc login success!
LOG: 2018/11/03 19:32:29 Logger.go:51: There is the log message
LOG: 2018/11/03 19:32:29 service.go:56: try to log in repeatedly
LOG: 2018/11/03 19:34:19 Logger.go:51: There is the log message
LOG: 2018/11/03 19:34:19 service.go:99: frcprint all users
LOG: 2018/11/03 19:34:19 service.go:99: frcprint all users
LOG: 2018/11/03 19:34:19 service.go:99: frcprint all users
LOG: 2018/11/03 19:34:45 Logger.go:51: There is the log message
LOG: 2018/11/03 19:34:45 service.go:49: Create user: fgg success! 
LOG: 2018/11/03 19:34:55 Logger.go:51: There is the log message
LOG: 2018/11/03 19:34:55 service.go:99: frcprint all users
LOG: 2018/11/03 19:34:55 service.go:99: frcprint all users
LOG: 2018/11/03 19:34:55 service.go:99: frcprint all users
LOG: 2018/11/03 19:34:55 service.go:99: frcprint all users
LOG: 2018/11/03 19:34:55 service.go:99: frcprint all users
LOG: 2018/11/03 19:37:33 Logger.go:51: There is the log message
LOG: 2018/11/03 19:37:33 service.go:99: frcprint all users
LOG: 2018/11/03 19:37:33 service.go:99: frcprint all users
LOG: 2018/11/03 19:37:33 service.go:99: frcprint all users
LOG: 2018/11/03 19:37:33 service.go:99: frcprint all users
LOG: 2018/11/03 19:37:33 service.go:99: frcprint all users
LOG: 2018/11/03 19:38:45 Logger.go:51: There is the log message
LOG: 2018/11/03 19:38:45 service.go:99: frcprint all users
LOG: 2018/11/03 19:38:45 service.go:99: frcprint all users
LOG: 2018/11/03 19:38:45 service.go:99: frcprint all users
LOG: 2018/11/03 19:38:45 service.go:99: frcprint all users
LOG: 2018/11/03 19:38:48 Logger.go:51: There is the log message
LOG: 2018/11/03 19:38:48 service.go:99: frcprint all users
LOG: 2018/11/03 19:38:48 service.go:99: frcprint all users
LOG: 2018/11/03 19:38:48 service.go:99: frcprint all users
LOG: 2018/11/03 19:38:48 service.go:99: frcprint all users
LOG: 2018/11/03 19:44:18 Logger.go:51: There is the log message
LOG: 2018/11/03 19:44:18 service.go:99: frcprint all users
LOG: 2018/11/03 19:44:18 service.go:99: frcprint all users
LOG: 2018/11/03 19:44:18 service.go:99: frcprint all users
LOG: 2018/11/03 19:44:18 service.go:99: frcprint all users
LOG: 2018/11/03 19:44:32 Logger.go:51: There is the log message
LOG: 2018/11/03 19:44:32 service.go:49: Create user: fyy success! 
LOG: 2018/11/03 19:44:40 Logger.go:51: There is the log message
LOG: 2018/11/03 19:44:40 service.go:99: frcprint all users
LOG: 2018/11/03 19:44:40 service.go:99: frcprint all users
LOG: 2018/11/03 19:44:40 service.go:99: frcprint all users
LOG: 2018/11/03 19:44:40 service.go:99: frcprint all users
LOG: 2018/11/03 19:44:40 service.go:99: frcprint all users
LOG: 2018/11/03 19:44:45 Logger.go:51: There is the log message
LOG: 2018/11/03 19:44:45 service.go:56: try to log in repeatedly
LOG: 2018/11/03 19:44:50 Logger.go:51: There is the log message
LOG: 2018/11/03 19:44:50 service.go:87: User: frc log out seccess!
LOG: 2018/11/03 19:45:27 Logger.go:51: There is the log message
LOG: 2018/11/03 19:45:41 Logger.go:51: There is the log message
LOG: 2018/11/03 19:45:41 service.go:68: User: fyy login success!
LOG: 2018/11/03 19:45:48 Logger.go:51: There is the log message
LOG: 2018/11/03 19:45:48 service.go:116: delete userfyy
LOG: 2018/11/03 19:48:14 Logger.go:51: There is the log message
LOG: 2018/11/03 19:48:54 Logger.go:51: There is the log message
LOG: 2018/11/03 19:48:57 Logger.go:51: There is the log message
LOG: 2018/11/03 19:49:01 Logger.go:51: There is the log message
LOG: 2018/11/03 19:51:13 Logger.go:51: There is the log message
LOG: 2018/11/03 19:53:04 Logger.go:51: There is the log message
LOG: 2018/11/03 19:53:13 Logger.go:51: There is the log message
LOG: 2018/11/03 19:53:23 Logger.go:51: There is the log message
LOG: 2018/11/03 19:53:23 service.go:68: User: fgg login success!
LOG: 2018/11/03 19:53:27 Logger.go:51: There is the log message
LOG: 2018/11/03 19:56:20 Logger.go:51: There is the log message
LOG: 2018/11/03 19:57:01 Logger.go:51: There is the log message
LOG: 2018/11/03 19:57:01 service.go:199: creating meetingm1successfully!
LOG: 2018/11/03 19:57:04 Logger.go:51: There is the log message
LOG: 2018/11/03 19:59:05 Logger.go:51: There is the log message
LOG: 2018/11/03 19:59:08 Logger.go:51: There is the log message
LOG: 2018/11/03 19:59:08 service.go:199: creating meetingm1successfully!
LOG: 2018/11/03 19:59:17 Logger.go:51: There is the log message
LOG: 2018/11/03 20:00:04 Logger.go:51: There is the log message
LOG: 2018/11/03 20:00:09 Logger.go:51: There is the log message
LOG: 2018/11/03 20:00:09 service.go:244: m1add participator zwz successfully
LOG: 2018/11/03 20:00:21 Logger.go:51: There is the log message
LOG: 2018/11/03 20:04:44 Logger.go:51: There is the log message
LOG: 2018/11/03 20:04:48 Logger.go:51: There is the log message
LOG: 2018/11/03 20:04:48 service.go:245: m1add participator zwz successfully
LOG: 2018/11/03 20:06:07 Logger.go:51: There is the log message
LOG: 2018/11/03 20:06:07 service.go:246: m1add participator zwz successfully
LOG: 2018/11/03 20:06:30 Logger.go:51: There is the log message
LOG: 2018/11/03 20:06:30 service.go:246: m1add participator zwz successfully
LOG: 2018/11/03 20:08:56 Logger.go:51: There is the log message
LOG: 2018/11/03 20:08:56 service.go:246: m1add participator zwz successfully
LOG: 2018/11/03 20:09:18 Logger.go:51: There is the log message
LOG: 2018/11/03 20:09:18 service.go:246: m1add participator zwz successfully
LOG: 2018/11/03 20:10:31 Logger.go:51: There is the log message
LOG: 2018/11/03 20:10:31 service.go:246: m1add participator zwz successfully
LOG: 2018/11/03 20:12:04 Logger.go:51: There is the log message
LOG: 2018/11/03 20:12:04 service.go:246: m1add participator zwz successfully
LOG: 2018/11/03 20:13:55 Logger.go:51: There is the log message
LOG: 2018/11/03 20:13:55 service.go:245: m1add participator zwz successfully
LOG: 2018/11/03 20:14:26 Logger.go:51: There is the log message
LOG: 2018/11/03 20:14:26 service.go:245: m1add participator zwz successfully
LOG: 2018/11/03 20:16:02 Logger.go:51: There is the log message
LOG: 2018/11/03 20:16:02 service.go:245: m1add participator zwz successfully
LOG: 2018/11/03 20:23:04 Logger.go:51: There is the log message
LOG: 2018/11/03 20:23:04 service.go:246: m1add participator zwz successfully
LOG: 2018/11/03 20:23:23 Logger.go:51: There is the log message
LOG: 2018/11/03 20:23:23 service.go:246: m1add participator zwz successfully
LOG: 2018/11/03 20:25:13 Logger.go:51: There is the log message
LOG: 2018/11/03 20:25:13 service.go:245: m1add participator zwz successfully
LOG: 2018/11/03 20:28:10 Logger.go:51: There is the log message
LOG: 2018/11/03 20:28:10 service.go:292: m1delete participator zwz successfully 
LOG: 2018/11/03 20:29:22 Logger.go:51: There is the log message
LOG: 2018/11/03 20:29:26 Logger.go:51: There is the log message
LOG: 2018/11/03 20:29:26 service.go:290: m1delete participator zwz successfully 
LOG: 2018/11/03 20:29:29 Logger.go:51: There is the log message
LOG: 2018/11/03 20:30:35 Logger.go:51: There is the log message
